Flow report for lab7
Sun Apr 23 15:44:09 2017
Quartus Prime Version 16.0.2 Build 222 07/20/2016 SJ Standard Edition


---------------------
; Table of Contents ;
---------------------
  1. Legal Notice
  2. Flow Summary
  3. Flow Settings
  4. Flow Non-Default Global Settings
  5. Flow Elapsed Time
  6. Flow OS Summary
  7. Flow Log
  8. Flow Messages
  9. Flow Suppressed Messages



----------------
; Legal Notice ;
----------------
Copyright (C) 1991-2016 Altera Corporation. All rights reserved.
Your use of Altera Corporation's design tools, logic functions 
and other software and tools, and its AMPP partner logic 
functions, and any output files from any of the foregoing 
(including device programming or simulation files), and any 
associated documentation or information are expressly subject 
to the terms and conditions of the Altera Program License 
Subscription Agreement, the Altera Quartus Prime License Agreement,
the Altera MegaCore Function License Agreement, or other 
applicable license agreement, including, without limitation, 
that your use is for the sole purpose of programming logic 
devices manufactured by Altera and sold by Altera or its 
authorized distributors.  Please refer to the applicable 
agreement for further details.



+-----------------------------------------------------------------------------------+
; Flow Summary                                                                      ;
+---------------------------------+-------------------------------------------------+
; Flow Status                     ; Successful - Sun Apr 23 15:44:09 2017           ;
; Quartus Prime Version           ; 16.0.2 Build 222 07/20/2016 SJ Standard Edition ;
; Revision Name                   ; lab7                                            ;
; Top-level Entity Name           ; controlUnit_tb                                  ;
; Family                          ; Cyclone V                                       ;
; Device                          ; 5CGXFC5C6F27C7                                  ;
; Timing Models                   ; Final                                           ;
; Logic utilization (in ALMs)     ; 12 / 29,080 ( < 1 % )                           ;
; Total registers                 ; 30                                              ;
; Total pins                      ; 58 / 364 ( 16 % )                               ;
; Total virtual pins              ; 0                                               ;
; Total block memory bits         ; 2,048 / 4,567,040 ( < 1 % )                     ;
; Total DSP Blocks                ; 0 / 150 ( 0 % )                                 ;
; Total HSSI RX PCSs              ; 0 / 6 ( 0 % )                                   ;
; Total HSSI PMA RX Deserializers ; 0 / 6 ( 0 % )                                   ;
; Total HSSI TX PCSs              ; 0 / 6 ( 0 % )                                   ;
; Total HSSI PMA TX Serializers   ; 0 / 6 ( 0 % )                                   ;
; Total PLLs                      ; 0 / 12 ( 0 % )                                  ;
; Total DLLs                      ; 0 / 4 ( 0 % )                                   ;
+---------------------------------+-------------------------------------------------+


+-----------------------------------------+
; Flow Settings                           ;
+-------------------+---------------------+
; Option            ; Setting             ;
+-------------------+---------------------+
; Start date & time ; 04/23/2017 15:40:34 ;
; Main task         ; Compilation         ;
; Revision Name     ; lab7                ;
+-------------------+---------------------+


+-------------------------------------------------------------------------------------------------------------------------------+
; Flow Non-Default Global Settings                                                                                              ;
+-------------------------------------+---------------------------------------+---------------+----------------+----------------+
; Assignment Name                     ; Value                                 ; Default Value ; Entity Name    ; Section Id     ;
+-------------------------------------+---------------------------------------+---------------+----------------+----------------+
; COMPILER_SIGNATURE_ID               ; 40368363411612.149298723302912        ; --            ; --             ; --             ;
; EDA_OUTPUT_DATA_FORMAT              ; Vhdl                                  ; --            ; --             ; eda_simulation ;
; EDA_SIMULATION_TOOL                 ; ModelSim-Altera (VHDL)                ; <None>        ; --             ; --             ;
; EDA_TIME_SCALE                      ; 1 ps                                  ; --            ; --             ; eda_simulation ;
; FITTER_EFFORT                       ; Standard Fit                          ; Auto Fit      ; --             ; --             ;
; MAX_CORE_JUNCTION_TEMP              ; 85                                    ; --            ; --             ; --             ;
; MIN_CORE_JUNCTION_TEMP              ; 0                                     ; --            ; --             ; --             ;
; OUTPUT_IO_TIMING_FAR_END_VMEAS      ; Half Signal Swing                     ; --            ; --             ; --             ;
; OUTPUT_IO_TIMING_FAR_END_VMEAS      ; Half Signal Swing                     ; --            ; --             ; --             ;
; OUTPUT_IO_TIMING_NEAR_END_VMEAS     ; Half Vccio                            ; --            ; --             ; --             ;
; OUTPUT_IO_TIMING_NEAR_END_VMEAS     ; Half Vccio                            ; --            ; --             ; --             ;
; PARTITION_COLOR                     ; 16764057                              ; --            ; controlUnit_tb ; Top            ;
; PARTITION_FITTER_PRESERVATION_LEVEL ; PLACEMENT_AND_ROUTING                 ; --            ; controlUnit_tb ; Top            ;
; PARTITION_NETLIST_TYPE              ; SOURCE                                ; --            ; controlUnit_tb ; Top            ;
; POWER_BOARD_THERMAL_MODEL           ; None (CONSERVATIVE)                   ; --            ; --             ; --             ;
; POWER_PRESET_COOLING_SOLUTION       ; 23 MM HEAT SINK WITH 200 LFPM AIRFLOW ; --            ; --             ; --             ;
; PROJECT_OUTPUT_DIRECTORY            ; output_files                          ; --            ; --             ; --             ;
; TOP_LEVEL_ENTITY                    ; controlUnit_tb                        ; lab7          ; --             ; --             ;
+-------------------------------------+---------------------------------------+---------------+----------------+----------------+


+-------------------------------------------------------------------------------------------------------------------------------+
; Flow Elapsed Time                                                                                                             ;
+---------------------------+--------------+-------------------------+---------------------+------------------------------------+
; Module Name               ; Elapsed Time ; Average Processors Used ; Peak Virtual Memory ; Total CPU Time (on all processors) ;
+---------------------------+--------------+-------------------------+---------------------+------------------------------------+
; Analysis & Synthesis      ; 00:00:35     ; 1.0                     ; 1007 MB             ; 00:01:12                           ;
; Fitter                    ; 00:01:55     ; 1.0                     ; 3740 MB             ; 00:09:13                           ;
; Assembler                 ; 00:00:30     ; 1.0                     ; 895 MB              ; 00:00:27                           ;
; TimeQuest Timing Analyzer ; 00:00:22     ; 1.1                     ; 1356 MB             ; 00:00:21                           ;
; EDA Netlist Writer        ; 00:00:04     ; 1.0                     ; 807 MB              ; 00:00:04                           ;
; Total                     ; 00:03:26     ; --                      ; --                  ; 00:11:17                           ;
+---------------------------+--------------+-------------------------+---------------------+------------------------------------+


+----------------------------------------------------------------------------------------+
; Flow OS Summary                                                                        ;
+---------------------------+------------------+-----------+------------+----------------+
; Module Name               ; Machine Hostname ; OS Name   ; OS Version ; Processor type ;
+---------------------------+------------------+-----------+------------+----------------+
; Analysis & Synthesis      ; RODIA            ; Windows 8 ; 6.2        ; x86_64         ;
; Fitter                    ; RODIA            ; Windows 8 ; 6.2        ; x86_64         ;
; Assembler                 ; RODIA            ; Windows 8 ; 6.2        ; x86_64         ;
; TimeQuest Timing Analyzer ; RODIA            ; Windows 8 ; 6.2        ; x86_64         ;
; EDA Netlist Writer        ; RODIA            ; Windows 8 ; 6.2        ; x86_64         ;
+---------------------------+------------------+-----------+------------+----------------+


------------
; Flow Log ;
------------
quartus_map --read_settings_files=on --write_settings_files=off lab7 -c lab7
quartus_fit --read_settings_files=off --write_settings_files=off lab7 -c lab7
quartus_asm --read_settings_files=off --write_settings_files=off lab7 -c lab7
quartus_sta lab7 -c lab7
quartus_eda --read_settings_files=off --write_settings_files=off lab7 -c lab7



