Assembler report for d_ff_tb
Tue Jan 31 11:09:16 2017
Quartus Prime Version 16.0.2 Build 222 07/20/2016 SJ Standard Edition


---------------------
; Table of Contents ;
---------------------
  1. Legal Notice
  2. Assembler Summary
  3. Assembler Settings
  4. Assembler Generated Files
  5. Assembler Device Options: I:/EE 310/altera/lab2/output_files/d_ff_tb.sof
  6. Assembler Messages



----------------
; Legal Notice ;
----------------
Copyright (C) 1991-2016 Altera Corporation. All rights reserved.
Your use of Altera Corporation's design tools, logic functions 
and other software and tools, and its AMPP partner logic 
functions, and any output files from any of the foregoing 
(including device programming or simulation files), and any 
associated documentation or information are expressly subject 
to the terms and conditions of the Altera Program License 
Subscription Agreement, the Altera Quartus Prime License Agreement,
the Altera MegaCore Function License Agreement, or other 
applicable license agreement, including, without limitation, 
that your use is for the sole purpose of programming logic 
devices manufactured by Altera and sold by Altera or its 
authorized distributors.  Please refer to the applicable 
agreement for further details.



+---------------------------------------------------------------+
; Assembler Summary                                             ;
+-----------------------+---------------------------------------+
; Assembler Status      ; Successful - Tue Jan 31 11:09:16 2017 ;
; Revision Name         ; d_ff_tb                               ;
; Top-level Entity Name ; d_ff_tb                               ;
; Family                ; Cyclone V                             ;
; Device                ; 5CGXFC5C6F27C7                        ;
+-----------------------+---------------------------------------+


+----------------------------------+
; Assembler Settings               ;
+--------+---------+---------------+
; Option ; Setting ; Default Value ;
+--------+---------+---------------+


+------------------------------------------------+
; Assembler Generated Files                      ;
+------------------------------------------------+
; File Name                                      ;
+------------------------------------------------+
; I:/EE 310/altera/lab2/output_files/d_ff_tb.sof ;
+------------------------------------------------+


+--------------------------------------------------------------------------+
; Assembler Device Options: I:/EE 310/altera/lab2/output_files/d_ff_tb.sof ;
+----------------+---------------------------------------------------------+
; Option         ; Setting                                                 ;
+----------------+---------------------------------------------------------+
; Device         ; 5CGXFC5C6F27C7                                          ;
; JTAG usercode  ; 0x0077B7DD                                              ;
; Checksum       ; 0x0077B7DD                                              ;
+----------------+---------------------------------------------------------+


+--------------------+
; Assembler Messages ;
+--------------------+
Info: *******************************************************************
Info: Running Quartus Prime Assembler
    Info: Version 16.0.2 Build 222 07/20/2016 SJ Standard Edition
    Info: Processing started: Tue Jan 31 11:09:07 2017
Info: Command: quartus_asm --read_settings_files=off --write_settings_files=off lab2 -c d_ff_tb
Warning (18236): Number of processors has not been specified which may cause overloading on shared machines.  Set the global assignment NUM_PARALLEL_PROCESSORS in your QSF to an appropriate value for best performance.
Info (115030): Assembler is generating device programming files
Info: Quartus Prime Assembler was successful. 0 errors, 1 warning
    Info: Peak virtual memory: 912 megabytes
    Info: Processing ended: Tue Jan 31 11:09:17 2017
    Info: Elapsed time: 00:00:10
    Info: Total CPU time (on all processors): 00:00:07


